This file contains any messages produced by compilers while
running configure, to aid debugging if configure makes a mistake.

It was created by QRencode configure 4.0.2, which was
generated by GNU Autoconf 2.69.  Invocation command line was

  $ ./configure 

## --------- ##
## Platform. ##
## --------- ##

hostname = Testings-iMac.local
uname -m = x86_64
uname -r = 15.6.0
uname -s = Darwin
uname -v = Darwin Kernel Version 15.6.0: Sun Jun  4 21:43:07 PDT 2017; root:xnu-3248.70.3~1/RELEASE_X86_64

/usr/bin/uname -p = i386
/bin/uname -X     = unknown

/bin/arch              = unknown
/usr/bin/arch -k       = unknown
/usr/convex/getsysinfo = unknown
/usr/bin/hostinfo      = Mach kernel version:
	 Darwin Kernel Version 15.6.0: Sun Jun  4 21:43:07 PDT 2017; root:xnu-3248.70.3~1/RELEASE_X86_64
Kernel configured for up to 8 processors.
4 processors are physically available.
8 processors are logically available.
Processor type: i486 (Intel 80486)
Processors active: 0 1 2 3 4 5 6 7
Primary memory available: 32.00 gigabytes
Default processor set: 220 tasks, 959 threads, 8 processors
Load average: 3.29, Mach factor: 5.10
/bin/machine           = unknown
/usr/bin/oslevel       = unknown
/bin/universe          = unknown

PATH: /usr/bin
PATH: /bin
PATH: /usr/sbin
PATH: /sbin


## ----------- ##
## Core tests. ##
## ----------- ##

configure:2262: checking build system type
configure:2276: result: i386-apple-darwin15.6.0
configure:2296: checking host system type
configure:2309: result: i386-apple-darwin15.6.0
configure:2329: checking target system type
configure:2342: result: i386-apple-darwin15.6.0
configure:2385: checking for a BSD-compatible install
configure:2453: result: /usr/bin/install -c
configure:2464: checking whether build environment is sane
configure:2519: result: yes
configure:2670: checking for a thread-safe mkdir -p
configure:2709: result: use/install-sh -c -d
configure:2716: checking for gawk
configure:2746: result: no
configure:2716: checking for mawk
configure:2746: result: no
configure:2716: checking for nawk
configure:2746: result: no
configure:2716: checking for awk
configure:2732: found /usr/bin/awk
configure:2743: result: awk
configure:2754: checking whether make sets $(MAKE)
configure:2776: result: yes
configure:2805: checking whether make supports nested variables
configure:2822: result: yes
configure:2992: checking for style of include used by make
configure:3020: result: GNU
configure:3091: checking for gcc
configure:3107: found /usr/bin/gcc
configure:3118: result: gcc
configure:3347: checking for C compiler version
configure:3356: gcc --version >&5
Apple LLVM version 8.0.0 (clang-800.0.42.1)
Target: x86_64-apple-darwin15.6.0
Thread model: posix
InstalledDir: /Library/Developer/CommandLineTools/usr/bin
Configured with: --prefix=/Library/Developer/CommandLineTools/usr --with-gxx-include-dir=/usr/include/c++/4.2.1
configure:3367: $? = 0
configure:3356: gcc -v >&5
Configured with: --prefix=/Library/Developer/CommandLineTools/usr --with-gxx-include-dir=/usr/include/c++/4.2.1
Apple LLVM version 8.0.0 (clang-800.0.42.1)
Target: x86_64-apple-darwin15.6.0
Thread model: posix
InstalledDir: /Library/Developer/CommandLineTools/usr/bin
configure:3367: $? = 0
configure:3356: gcc -V >&5
clang: error: argument to '-V' is missing (expected 1 value)
clang: error: no input files
configure:3367: $? = 1
configure:3356: gcc -qversion >&5
clang: error: unknown argument: '-qversion'
clang: error: no input files
configure:3367: $? = 1
configure:3387: checking whether the C compiler works
configure:3409: gcc    conftest.c  >&5
configure:3413: $? = 0
configure:3461: result: yes
configure:3464: checking for C compiler default output file name
configure:3466: result: a.out
configure:3472: checking for suffix of executables
configure:3479: gcc -o conftest    conftest.c  >&5
configure:3483: $? = 0
configure:3505: result: 
configure:3527: checking whether we are cross compiling
configure:3535: gcc -o conftest    conftest.c  >&5
configure:3539: $? = 0
configure:3546: ./conftest
configure:3550: $? = 0
configure:3565: result: no
configure:3570: checking for suffix of object files
configure:3592: gcc -c   conftest.c >&5
configure:3596: $? = 0
configure:3617: result: o
configure:3621: checking whether we are using the GNU C compiler
configure:3640: gcc -c   conftest.c >&5
configure:3640: $? = 0
configure:3649: result: yes
configure:3658: checking whether gcc accepts -g
configure:3678: gcc -c -g  conftest.c >&5
configure:3678: $? = 0
configure:3719: result: yes
configure:3736: checking for gcc option to accept ISO C89
configure:3799: gcc  -c -g -O2  conftest.c >&5
configure:3799: $? = 0
configure:3812: result: none needed
configure:3837: checking whether gcc understands -c and -o together
configure:3859: gcc -c conftest.c -o conftest2.o
configure:3862: $? = 0
configure:3859: gcc -c conftest.c -o conftest2.o
configure:3862: $? = 0
configure:3874: result: yes
configure:3893: checking dependency style of gcc
configure:4004: result: gcc3
configure:4020: checking for an ANSI C-conforming const
configure:4086: gcc -c -g -O2  conftest.c >&5
configure:4086: $? = 0
configure:4093: result: yes
configure:4101: checking for inline
configure:4117: gcc -c -g -O2  conftest.c >&5
configure:4117: $? = 0
configure:4125: result: inline
configure:4148: checking how to run the C preprocessor
configure:4179: gcc -E  conftest.c
configure:4179: $? = 0
configure:4193: gcc -E  conftest.c
conftest.c:14:10: fatal error: 'ac_nonexistent.h' file not found
#include <ac_nonexistent.h>
         ^
1 error generated.
configure:4193: $? = 1
configure: failed program was:
| /* confdefs.h */
| #define PACKAGE_NAME "QRencode"
| #define PACKAGE_TARNAME "qrencode"
| #define PACKAGE_VERSION "4.0.2"
| #define PACKAGE_STRING "QRencode 4.0.2"
| #define PACKAGE_BUGREPORT ""
| #define PACKAGE_URL ""
| #define MAJOR_VERSION 4
| #define MINOR_VERSION 0
| #define MICRO_VERSION 2
| #define PACKAGE "qrencode"
| #define VERSION "4.0.2"
| /* end confdefs.h.  */
| #include <ac_nonexistent.h>
configure:4218: result: gcc -E
configure:4238: gcc -E  conftest.c
configure:4238: $? = 0
configure:4252: gcc -E  conftest.c
conftest.c:14:10: fatal error: 'ac_nonexistent.h' file not found
#include <ac_nonexistent.h>
         ^
1 error generated.
configure:4252: $? = 1
configure: failed program was:
| /* confdefs.h */
| #define PACKAGE_NAME "QRencode"
| #define PACKAGE_TARNAME "qrencode"
| #define PACKAGE_VERSION "4.0.2"
| #define PACKAGE_STRING "QRencode 4.0.2"
| #define PACKAGE_BUGREPORT ""
| #define PACKAGE_URL ""
| #define MAJOR_VERSION 4
| #define MINOR_VERSION 0
| #define MICRO_VERSION 2
| #define PACKAGE "qrencode"
| #define VERSION "4.0.2"
| /* end confdefs.h.  */
| #include <ac_nonexistent.h>
configure:4281: checking for grep that handles long lines and -e
configure:4339: result: /usr/bin/grep
configure:4344: checking for egrep
configure:4406: result: /usr/bin/grep -E
configure:4411: checking for ANSI C header files
configure:4431: gcc -c -g -O2  conftest.c >&5
configure:4431: $? = 0
configure:4504: gcc -o conftest -g -O2   conftest.c  >&5
configure:4504: $? = 0
configure:4504: ./conftest
configure:4504: $? = 0
configure:4515: result: yes
configure:4570: checking how to print strings
configure:4597: result: printf
configure:4618: checking for a sed that does not truncate output
configure:4682: result: /usr/bin/sed
configure:4700: checking for fgrep
configure:4762: result: /usr/bin/grep -F
configure:4797: checking for ld used by gcc
configure:4864: result: /Library/Developer/CommandLineTools/usr/bin/ld
configure:4871: checking if the linker (/Library/Developer/CommandLineTools/usr/bin/ld) is GNU ld
configure:4886: result: no
configure:4898: checking for BSD- or MS-compatible name lister (nm)
configure:4952: result: /usr/bin/nm -B
configure:5082: checking the name lister (/usr/bin/nm -B) interface
configure:5089: gcc -c -g -O2  conftest.c >&5
configure:5092: /usr/bin/nm -B "conftest.o"
configure:5095: output
0000000000000234 S _some_variable
configure:5102: result: BSD nm
configure:5105: checking whether ln -s works
configure:5109: result: yes
configure:5117: checking the maximum length of command line arguments
configure:5248: result: 196608
configure:5296: checking how to convert i386-apple-darwin15.6.0 file names to i386-apple-darwin15.6.0 format
configure:5336: result: func_convert_file_noop
configure:5343: checking how to convert i386-apple-darwin15.6.0 file names to toolchain format
configure:5363: result: func_convert_file_noop
configure:5370: checking for /Library/Developer/CommandLineTools/usr/bin/ld option to reload object files
configure:5377: result: -r
configure:5451: checking for objdump
configure:5481: result: no
configure:5510: checking how to recognize dependent libraries
configure:5710: result: pass_all
configure:5795: checking for dlltool
configure:5825: result: no
configure:5855: checking how to associate runtime and link libraries
configure:5882: result: printf %s\n
configure:5942: checking for ar
configure:5958: found /usr/bin/ar
configure:5969: result: ar
configure:6006: checking for archiver @FILE support
configure:6023: gcc -c -g -O2  conftest.c >&5
configure:6023: $? = 0
configure:6026: ar cru libconftest.a @conftest.lst >&5
ar: @conftest.lst: No such file or directory
configure:6029: $? = 1
configure:6049: result: no
configure:6107: checking for strip
configure:6123: found /usr/bin/strip
configure:6134: result: strip
configure:6206: checking for ranlib
configure:6222: found /usr/bin/ranlib
configure:6233: result: ranlib
configure:6335: checking command to parse /usr/bin/nm -B output from gcc object
configure:6488: gcc -c -g -O2  conftest.c >&5
configure:6491: $? = 0
configure:6495: /usr/bin/nm -B conftest.o \| sed -n -e 's/^.*[ ]\([BCDEGRST][BCDEGRST]*\)[ ][ ]*\([_A-Za-z][_A-Za-z0-9]*\)$/\1 \2 \2/p' | sed '/ __gnu_lto/d' \> conftest.nm
configure:6498: $? = 0
cannot find nm_test_var in conftest.nm
configure:6488: gcc -c -g -O2  conftest.c >&5
configure:6491: $? = 0
configure:6495: /usr/bin/nm -B conftest.o \| sed -n -e 's/^.*[ ]\([BCDEGRST][BCDEGRST]*\)[ ][ ]*_\([_A-Za-z][_A-Za-z0-9]*\)$/\1 _\2 \2/p' | sed '/ __gnu_lto/d' \> conftest.nm
configure:6498: $? = 0
configure:6564: gcc -o conftest -g -O2   conftest.c conftstm.o >&5
warning: (x86_64)  could not find object file symbol for symbol _main
configure:6567: $? = 0
configure:6605: result: ok
configure:6652: checking for sysroot
configure:6682: result: no
configure:6689: checking for a working dd
configure:6727: result: /bin/dd
configure:6731: checking how to truncate binary pipes
configure:6746: result: /bin/dd bs=4096 count=1
configure:7075: checking for mt
configure:7105: result: no
configure:7125: checking if : is a manifest tool
configure:7131: : '-?'
configure:7139: result: no
configure:7195: checking for dsymutil
configure:7211: found /usr/bin/dsymutil
configure:7222: result: dsymutil
configure:7287: checking for nmedit
configure:7303: found /usr/bin/nmedit
configure:7314: result: nmedit
configure:7379: checking for lipo
configure:7395: found /usr/bin/lipo
configure:7406: result: lipo
configure:7471: checking for otool
configure:7487: found /usr/bin/otool
configure:7498: result: otool
configure:7563: checking for otool64
configure:7593: result: no
configure:7638: checking for -single_module linker flag
gcc -g -O2  -o libconftest.dylib -dynamiclib -Wl,-single_module conftest.c
configure:7671: result: yes
configure:7674: checking for -exported_symbols_list linker flag
configure:7694: gcc -o conftest -g -O2   -Wl,-exported_symbols_list,conftest.sym conftest.c  >&5
configure:7694: $? = 0
configure:7704: result: yes
configure:7707: checking for -force_load linker flag
gcc -g -O2 -c -o conftest.o conftest.c
ar cru libconftest.a conftest.o
ranlib libconftest.a
gcc -g -O2  -o conftest conftest.c -Wl,-force_load,./libconftest.a
configure:7739: result: yes
configure:7816: checking for sys/types.h
configure:7816: gcc -c -g -O2  conftest.c >&5
configure:7816: $? = 0
configure:7816: result: yes
configure:7816: checking for sys/stat.h
configure:7816: gcc -c -g -O2  conftest.c >&5
configure:7816: $? = 0
configure:7816: result: yes
configure:7816: checking for stdlib.h
configure:7816: gcc -c -g -O2  conftest.c >&5
configure:7816: $? = 0
configure:7816: result: yes
configure:7816: checking for string.h
configure:7816: gcc -c -g -O2  conftest.c >&5
configure:7816: $? = 0
configure:7816: result: yes
configure:7816: checking for memory.h
configure:7816: gcc -c -g -O2  conftest.c >&5
configure:7816: $? = 0
configure:7816: result: yes
configure:7816: checking for strings.h
configure:7816: gcc -c -g -O2  conftest.c >&5
configure:7816: $? = 0
configure:7816: result: yes
configure:7816: checking for inttypes.h
configure:7816: gcc -c -g -O2  conftest.c >&5
configure:7816: $? = 0
configure:7816: result: yes
configure:7816: checking for stdint.h
configure:7816: gcc -c -g -O2  conftest.c >&5
configure:7816: $? = 0
configure:7816: result: yes
configure:7816: checking for unistd.h
configure:7816: gcc -c -g -O2  conftest.c >&5
configure:7816: $? = 0
configure:7816: result: yes
configure:7830: checking for dlfcn.h
configure:7830: gcc -c -g -O2  conftest.c >&5
configure:7830: $? = 0
configure:7830: result: yes
configure:8056: checking for objdir
configure:8071: result: .libs
configure:8331: checking if gcc supports -fno-rtti -fno-exceptions
configure:8349: gcc -c -g -O2  -fno-rtti -fno-exceptions conftest.c >&5
configure:8353: $? = 0
configure:8366: result: yes
configure:8724: checking for gcc option to produce PIC
configure:8731: result: -fno-common -DPIC
configure:8739: checking if gcc PIC flag -fno-common -DPIC works
configure:8757: gcc -c -g -O2  -fno-common -DPIC -DPIC conftest.c >&5
configure:8761: $? = 0
configure:8774: result: yes
configure:8803: checking if gcc static flag -static works
configure:8831: result: no
configure:8846: checking if gcc supports -c -o file.o
configure:8867: gcc -c -g -O2  -o out/conftest2.o conftest.c >&5
configure:8871: $? = 0
configure:8893: result: yes
configure:8901: checking if gcc supports -c -o file.o
configure:8948: result: yes
configure:8981: checking whether the gcc linker (/Library/Developer/CommandLineTools/usr/bin/ld) supports shared libraries
configure:10244: result: yes
configure:10484: checking dynamic linker characteristics
configure:11314: result: darwin15.6.0 dyld
configure:11436: checking how to hardcode library paths into programs
configure:11461: result: immediate
configure:12009: checking whether stripping libraries is possible
configure:12023: result: yes
configure:12049: checking if libtool supports shared libraries
configure:12051: result: yes
configure:12054: checking whether to build shared libraries
configure:12079: result: yes
configure:12082: checking whether to build static libraries
configure:12086: result: no
configure:12171: checking for gcc
configure:12198: result: gcc
configure:12427: checking for C compiler version
configure:12436: gcc --version >&5
Apple LLVM version 8.0.0 (clang-800.0.42.1)
Target: x86_64-apple-darwin15.6.0
Thread model: posix
InstalledDir: /Library/Developer/CommandLineTools/usr/bin
Configured with: --prefix=/Library/Developer/CommandLineTools/usr --with-gxx-include-dir=/usr/include/c++/4.2.1
configure:12447: $? = 0
configure:12436: gcc -v >&5
Configured with: --prefix=/Library/Developer/CommandLineTools/usr --with-gxx-include-dir=/usr/include/c++/4.2.1
Apple LLVM version 8.0.0 (clang-800.0.42.1)
Target: x86_64-apple-darwin15.6.0
Thread model: posix
InstalledDir: /Library/Developer/CommandLineTools/usr/bin
configure:12447: $? = 0
configure:12436: gcc -V >&5
clang: error: argument to '-V' is missing (expected 1 value)
clang: error: no input files
configure:12447: $? = 1
configure:12436: gcc -qversion >&5
clang: error: unknown argument: '-qversion'
clang: error: no input files
configure:12447: $? = 1
configure:12451: checking whether we are using the GNU C compiler
configure:12479: result: yes
configure:12488: checking whether gcc accepts -g
configure:12549: result: yes
configure:12566: checking for gcc option to accept ISO C89
configure:12642: result: none needed
configure:12667: checking whether gcc understands -c and -o together
configure:12704: result: yes
configure:12723: checking dependency style of gcc
configure:12834: result: gcc3
configure:12906: checking for pkg-config
configure:12939: result: no
configure:12991: checking for strdup
configure:12991: gcc -o conftest -g -O2   conftest.c  >&5
conftest.c:49:6: warning: incompatible redeclaration of library function 'strdup' [-Wincompatible-library-redeclaration]
char strdup ();
     ^
conftest.c:49:6: note: 'strdup' is a builtin with type 'char *(const char *)'
1 warning generated.
configure:12991: $? = 0
configure:12991: result: yes
configure:13010: checking for pthread_mutex_init in -lpthread
configure:13035: gcc -o conftest -g -O2   conftest.c -lpthread   >&5
configure:13035: $? = 0
configure:13044: result: yes
configure:13097: checking for png
configure:13157: result: no
configure:14427: checking that generated files are newer than configure
configure:14433: result: done
configure:14484: creating ./config.status

## ---------------------- ##
## Running config.status. ##
## ---------------------- ##

This file was extended by QRencode config.status 4.0.2, which was
generated by GNU Autoconf 2.69.  Invocation command line was

  CONFIG_FILES    = 
  CONFIG_HEADERS  = 
  CONFIG_LINKS    = 
  CONFIG_COMMANDS = 
  $ ./config.status 

on Testings-iMac.local

config.status:1120: creating Makefile
config.status:1120: creating libqrencode.pc
config.status:1120: creating tests/Makefile
config.status:1120: creating qrencode.1
config.status:1120: creating config.h
config.status:1349: executing depfiles commands
config.status:1349: executing libtool commands

## ---------------- ##
## Cache variables. ##
## ---------------- ##

ac_cv_build=i386-apple-darwin15.6.0
ac_cv_c_compiler_gnu=yes
ac_cv_c_const=yes
ac_cv_c_inline=inline
ac_cv_env_CC_set=
ac_cv_env_CC_value=
ac_cv_env_CFLAGS_set=
ac_cv_env_CFLAGS_value=
ac_cv_env_CPPFLAGS_set=
ac_cv_env_CPPFLAGS_value=
ac_cv_env_CPP_set=
ac_cv_env_CPP_value=
ac_cv_env_LDFLAGS_set=
ac_cv_env_LDFLAGS_value=
ac_cv_env_LIBS_set=
ac_cv_env_LIBS_value=
ac_cv_env_LT_SYS_LIBRARY_PATH_set=
ac_cv_env_LT_SYS_LIBRARY_PATH_value=
ac_cv_env_PKG_CONFIG_LIBDIR_set=
ac_cv_env_PKG_CONFIG_LIBDIR_value=
ac_cv_env_PKG_CONFIG_PATH_set=
ac_cv_env_PKG_CONFIG_PATH_value=
ac_cv_env_PKG_CONFIG_set=
ac_cv_env_PKG_CONFIG_value=
ac_cv_env_SDL_CFLAGS_set=
ac_cv_env_SDL_CFLAGS_value=
ac_cv_env_SDL_LIBS_set=
ac_cv_env_SDL_LIBS_value=
ac_cv_env_build_alias_set=
ac_cv_env_build_alias_value=
ac_cv_env_host_alias_set=
ac_cv_env_host_alias_value=
ac_cv_env_png_CFLAGS_set=
ac_cv_env_png_CFLAGS_value=
ac_cv_env_png_LIBS_set=
ac_cv_env_png_LIBS_value=
ac_cv_env_target_alias_set=
ac_cv_env_target_alias_value=
ac_cv_func_strdup=yes
ac_cv_header_dlfcn_h=yes
ac_cv_header_inttypes_h=yes
ac_cv_header_memory_h=yes
ac_cv_header_stdc=yes
ac_cv_header_stdint_h=yes
ac_cv_header_stdlib_h=yes
ac_cv_header_string_h=yes
ac_cv_header_strings_h=yes
ac_cv_header_sys_stat_h=yes
ac_cv_header_sys_types_h=yes
ac_cv_header_unistd_h=yes
ac_cv_host=i386-apple-darwin15.6.0
ac_cv_lib_pthread_pthread_mutex_init=yes
ac_cv_objext=o
ac_cv_path_EGREP='/usr/bin/grep -E'
ac_cv_path_FGREP='/usr/bin/grep -F'
ac_cv_path_GREP=/usr/bin/grep
ac_cv_path_SED=/usr/bin/sed
ac_cv_path_install='/usr/bin/install -c'
ac_cv_path_lt_DD=/bin/dd
ac_cv_prog_AWK=awk
ac_cv_prog_CPP='gcc -E'
ac_cv_prog_ac_ct_AR=ar
ac_cv_prog_ac_ct_CC=gcc
ac_cv_prog_ac_ct_DSYMUTIL=dsymutil
ac_cv_prog_ac_ct_LIPO=lipo
ac_cv_prog_ac_ct_NMEDIT=nmedit
ac_cv_prog_ac_ct_OTOOL=otool
ac_cv_prog_ac_ct_RANLIB=ranlib
ac_cv_prog_ac_ct_STRIP=strip
ac_cv_prog_cc_c89=
ac_cv_prog_cc_g=yes
ac_cv_prog_make_make_set=yes
ac_cv_target=i386-apple-darwin15.6.0
am_cv_CC_dependencies_compiler_type=gcc3
am_cv_make_support_nested_variables=yes
am_cv_prog_cc_c_o=yes
lt_cv_apple_cc_single_mod=yes
lt_cv_ar_at_file=no
lt_cv_deplibs_check_method=pass_all
lt_cv_file_magic_cmd='$MAGIC_CMD'
lt_cv_file_magic_test_file=
lt_cv_ld_exported_symbols_list=yes
lt_cv_ld_force_load=yes
lt_cv_ld_reload_flag=-r
lt_cv_nm_interface='BSD nm'
lt_cv_objdir=.libs
lt_cv_path_LD=/Library/Developer/CommandLineTools/usr/bin/ld
lt_cv_path_NM='/usr/bin/nm -B'
lt_cv_path_mainfest_tool=no
lt_cv_prog_compiler_c_o=yes
lt_cv_prog_compiler_pic='-fno-common -DPIC'
lt_cv_prog_compiler_pic_works=yes
lt_cv_prog_compiler_rtti_exceptions=yes
lt_cv_prog_compiler_static_works=no
lt_cv_prog_gnu_ld=no
lt_cv_sharedlib_from_linklib_cmd='printf %s\n'
lt_cv_sys_global_symbol_pipe='sed -n -e '\''s/^.*[	 ]\([BCDEGRST][BCDEGRST]*\)[	 ][	 ]*_\([_A-Za-z][_A-Za-z0-9]*\)$/\1 _\2 \2/p'\'' | sed '\''/ __gnu_lto/d'\'''
lt_cv_sys_global_symbol_to_c_name_address='sed -n -e '\''s/^: \(.*\) .*$/  {"\1", (void *) 0},/p'\'' -e '\''s/^[BCDEGRST][BCDEGRST]* .* \(.*\)$/  {"\1", (void *) \&\1},/p'\'''
lt_cv_sys_global_symbol_to_c_name_address_lib_prefix='sed -n -e '\''s/^: \(.*\) .*$/  {"\1", (void *) 0},/p'\'' -e '\''s/^[BCDEGRST][BCDEGRST]* .* \(lib.*\)$/  {"\1", (void *) \&\1},/p'\'' -e '\''s/^[BCDEGRST][BCDEGRST]* .* \(.*\)$/  {"lib\1", (void *) \&\1},/p'\'''
lt_cv_sys_global_symbol_to_cdecl='sed -n -e '\''s/^T .* \(.*\)$/extern int \1();/p'\'' -e '\''s/^[BCDEGRST][BCDEGRST]* .* \(.*\)$/extern char \1;/p'\'''
lt_cv_sys_global_symbol_to_import=
lt_cv_sys_max_cmd_len=196608
lt_cv_to_host_file_cmd=func_convert_file_noop
lt_cv_to_tool_file_cmd=func_convert_file_noop
lt_cv_truncate_bin='/bin/dd bs=4096 count=1'

## ----------------- ##
## Output variables. ##
## ----------------- ##

ACLOCAL='${SHELL} /Applications/product-match/product-match-elcapitan.app/Contents/Resources/qrencode/qrencode-4.0.2/use/missing aclocal-1.15'
AMDEPBACKSLASH='\'
AMDEP_FALSE='#'
AMDEP_TRUE=''
AMTAR='$${TAR-tar}'
AM_BACKSLASH='\'
AM_DEFAULT_V='$(AM_DEFAULT_VERBOSITY)'
AM_DEFAULT_VERBOSITY='1'
AM_V='$(V)'
AR='ar'
AUTOCONF='${SHELL} /Applications/product-match/product-match-elcapitan.app/Contents/Resources/qrencode/qrencode-4.0.2/use/missing autoconf'
AUTOHEADER='${SHELL} /Applications/product-match/product-match-elcapitan.app/Contents/Resources/qrencode/qrencode-4.0.2/use/missing autoheader'
AUTOMAKE='${SHELL} /Applications/product-match/product-match-elcapitan.app/Contents/Resources/qrencode/qrencode-4.0.2/use/missing automake-1.15'
AWK='awk'
BUILD_TESTS_FALSE=''
BUILD_TESTS_TRUE='#'
BUILD_TOOLS_FALSE='#'
BUILD_TOOLS_TRUE=''
CC='gcc'
CCDEPMODE='depmode=gcc3'
CFLAGS='-Wall -g -O2 -pthread'
CPP='gcc -E'
CPPFLAGS=''
CYGPATH_W='echo'
DEFS='-DHAVE_CONFIG_H'
DEPDIR='.deps'
DLLTOOL='false'
DSYMUTIL='dsymutil'
DUMPBIN=''
ECHO_C='\c'
ECHO_N=''
ECHO_T=''
EGREP='/usr/bin/grep -E'
EXEEXT=''
FGREP='/usr/bin/grep -F'
GREP='/usr/bin/grep'
HAVE_LIBPTHREAD_FALSE='#'
HAVE_LIBPTHREAD_TRUE=''
HAVE_PNG_FALSE=''
HAVE_PNG_TRUE='#'
HAVE_SDL_FALSE=''
HAVE_SDL_TRUE='#'
INSTALL_DATA='${INSTALL} -m 644'
INSTALL_PROGRAM='${INSTALL}'
INSTALL_SCRIPT='${INSTALL}'
INSTALL_STRIP_PROGRAM='$(install_sh) -c -s'
LD='/Library/Developer/CommandLineTools/usr/bin/ld'
LDFLAGS=''
LIBICONV=''
LIBOBJS=''
LIBPTHREAD='-lpthread'
LIBS=''
LIBTOOL='$(SHELL) $(top_builddir)/libtool'
LIPO='lipo'
LN_S='ln -s'
LTLIBICONV=''
LTLIBOBJS=''
LT_SYS_LIBRARY_PATH=''
MAJOR_VERSION='4'
MAKEINFO='${SHELL} /Applications/product-match/product-match-elcapitan.app/Contents/Resources/qrencode/qrencode-4.0.2/use/missing makeinfo'
MANIFEST_TOOL=':'
MICRO_VERSION='2'
MINGW_FALSE=''
MINGW_TRUE='#'
MINOR_VERSION='0'
MKDIR_P='use/install-sh -c -d'
NM='/usr/bin/nm -B'
NMEDIT='nmedit'
OBJDUMP='false'
OBJEXT='o'
OTOOL64=':'
OTOOL='otool'
PACKAGE='qrencode'
PACKAGE_BUGREPORT=''
PACKAGE_NAME='QRencode'
PACKAGE_STRING='QRencode 4.0.2'
PACKAGE_TARNAME='qrencode'
PACKAGE_URL=''
PACKAGE_VERSION='4.0.2'
PATH_SEPARATOR=':'
PKG_CONFIG=''
PKG_CONFIG_LIBDIR=''
PKG_CONFIG_PATH=''
RANLIB='ranlib'
SDL_CFLAGS=''
SDL_LIBS=''
SED='/usr/bin/sed'
SET_MAKE=''
SHELL='/bin/sh'
STRIP='strip'
VERSION='4.0.2'
ac_ct_AR='ar'
ac_ct_CC='gcc'
ac_ct_DUMPBIN=''
am__EXEEXT_FALSE=''
am__EXEEXT_TRUE='#'
am__fastdepCC_FALSE='#'
am__fastdepCC_TRUE=''
am__include='include'
am__isrc=''
am__leading_dot='.'
am__nodep='_no'
am__quote=''
am__tar='$${TAR-tar} chof - "$$tardir"'
am__untar='$${TAR-tar} xf -'
bindir='${exec_prefix}/bin'
build='i386-apple-darwin15.6.0'
build_alias=''
build_cpu='i386'
build_os='darwin15.6.0'
build_vendor='apple'
datadir='${datarootdir}'
datarootdir='${prefix}/share'
docdir='${datarootdir}/doc/${PACKAGE_TARNAME}'
dvidir='${docdir}'
exec_prefix='${prefix}'
host='i386-apple-darwin15.6.0'
host_alias=''
host_cpu='i386'
host_os='darwin15.6.0'
host_vendor='apple'
htmldir='${docdir}'
includedir='${prefix}/include'
infodir='${datarootdir}/info'
install_sh='${SHELL} /Applications/product-match/product-match-elcapitan.app/Contents/Resources/qrencode/qrencode-4.0.2/use/install-sh'
libdir='${exec_prefix}/lib'
libexecdir='${exec_prefix}/libexec'
localedir='${datarootdir}/locale'
localstatedir='${prefix}/var'
mandir='${datarootdir}/man'
mkdir_p='$(MKDIR_P)'
oldincludedir='/usr/include'
pdfdir='${docdir}'
png_CFLAGS=''
png_LIBS=''
prefix='/usr/local'
program_transform_name='s,x,x,'
psdir='${docdir}'
runstatedir='${localstatedir}/run'
sbindir='${exec_prefix}/sbin'
sharedstatedir='${prefix}/com'
sysconfdir='${prefix}/etc'
target='i386-apple-darwin15.6.0'
target_alias=''
target_cpu='i386'
target_os='darwin15.6.0'
target_vendor='apple'

## ----------- ##
## confdefs.h. ##
## ----------- ##

/* confdefs.h */
#define PACKAGE_NAME "QRencode"
#define PACKAGE_TARNAME "qrencode"
#define PACKAGE_VERSION "4.0.2"
#define PACKAGE_STRING "QRencode 4.0.2"
#define PACKAGE_BUGREPORT ""
#define PACKAGE_URL ""
#define MAJOR_VERSION 4
#define MINOR_VERSION 0
#define MICRO_VERSION 2
#define PACKAGE "qrencode"
#define VERSION "4.0.2"
#define STDC_HEADERS 1
#define HAVE_SYS_TYPES_H 1
#define HAVE_SYS_STAT_H 1
#define HAVE_STDLIB_H 1
#define HAVE_STRING_H 1
#define HAVE_MEMORY_H 1
#define HAVE_STRINGS_H 1
#define HAVE_INTTYPES_H 1
#define HAVE_STDINT_H 1
#define HAVE_UNISTD_H 1
#define HAVE_DLFCN_H 1
#define LT_OBJDIR ".libs/"
#define HAVE_STRDUP 1
#define HAVE_LIBPTHREAD 1
#define HAVE_PNG 0
#define STATIC_IN_RELEASE static
/* #undef WITH_TESTS */

configure: exit 0
